#
# There is insufficient memory for the Java Runtime Environment to continue.
# Native memory allocation (mmap) failed to map 213909504 bytes for committing reserved memory.
# Possible reasons:
#   The system is out of physical RAM or swap space
#   The process is running with CompressedOops enabled, and the Java Heap may be blocking the growth of the native heap
# Possible solutions:
#   Reduce memory load on the system
#   Increase physical memory or swap space
#   Check if swap backing store is full
#   Decrease Java heap size (-Xmx/-Xms)
#   Decrease number of Java threads
#   Decrease Java thread stack sizes (-Xss)
#   Set larger code cache with -XX:ReservedCodeCacheSize=
#   JVM is running with Unscaled Compressed Oops mode in which the Java heap is
#     placed in the first 4GB address space. The Java Heap base address is the
#     maximum limit for the native heap growth. Please use -XX:HeapBaseMinAddress
#     to set the Java Heap base and to place the Java Heap above 4GB virtual address.
# This output file may be truncated or incomplete.
#
#  Out of Memory Error (os_linux.cpp:2706), pid=7491, tid=7508
#
# JRE version: OpenJDK Runtime Environment (10.0.1+10) (build 10.0.1+10-Ubuntu-3ubuntu1)
# Java VM: OpenJDK 64-Bit Server VM (10.0.1+10-Ubuntu-3ubuntu1, mixed mode, tiered, compressed oops, g1 gc, linux-amd64)
# Core dump will be written. Default location: Core dumps may be processed with "/usr/share/apport/apport %p %s %c %d %P" (or dumping to /home/muhammad/IdeaProjects/Sams/sams/core.7491)
#

---------------  S U M M A R Y ------------

Command Line: -XX:TieredStopAtLevel=1 -Xverify:none -Dspring.output.ansi.enabled=always -Dcom.sun.management.jmxremote -Dcom.sun.management.jmxremote.port=43297 -Dcom.sun.management.jmxremote.authenticate=false -Dcom.sun.management.jmxremote.ssl=false -Djava.rmi.server.hostname=localhost -Dspring.liveBeansView.mbeanDomain -Dspring.application.admin.enabled=true -javaagent:/home/muhammad/Documents/idea-IU-181.5281.24/lib/idea_rt.jar=45763:/home/muhammad/Documents/idea-IU-181.5281.24/bin -Dfile.encoding=UTF-8 com.longbridge.sams.SamsApplication

Host: Intel(R) Core(TM) i5 CPU       M 520  @ 2.40GHz, 4 cores, 3G, Ubuntu 18.04.1 LTS
Time: Wed Aug 15 20:35:14 2018 WAT elapsed time: 126 seconds (0d 0h 2m 6s)

---------------  T H R E A D  ---------------

Current thread (0x00007f9bd4128000):  VMThread "VM Thread" [stack: 0x00007f9ba852a000,0x00007f9ba862a000] [id=7508]

Stack: [0x00007f9ba852a000,0x00007f9ba862a000],  sp=0x00007f9ba86280a0,  free space=1016k
Native frames: (J=compiled Java code, A=aot compiled Java code, j=interpreted, Vv=VM code, C=native code)
V  [libjvm.so+0xd27dc4]
V  [libjvm.so+0xd2896b]
V  [libjvm.so+0x64d415]
V  [libjvm.so+0xb2d6e8]
V  [libjvm.so+0xb25f3d]
V  [libjvm.so+0x7662ff]
V  [libjvm.so+0x76653e]
V  [libjvm.so+0x769500]
V  [libjvm.so+0x7efa1c]
V  [libjvm.so+0x7f06df]
V  [libjvm.so+0x7f0b59]
V  [libjvm.so+0x7162cf]
V  [libjvm.so+0x71a3ba]
V  [libjvm.so+0xd39f28]
V  [libjvm.so+0xd38791]
V  [libjvm.so+0xd35a5b]
V  [libjvm.so+0xd3707e]
V  [libjvm.so+0xd374a8]
V  [libjvm.so+0xb33c60]

VM_Operation (0x00007f9b7d0baab0): G1IncCollectionPause, mode: safepoint, requested by thread 0x000055a96113f800


---------------  P R O C E S S  ---------------

Threads class SMR info:
_java_thread_list=0x00007f9bd4741e20, length=32, elements={
0x00007f9bd4015800, 0x00007f9bd4131800, 0x00007f9bd4133800, 0x00007f9bd413d000,
0x00007f9bd4147000, 0x00007f9bd4149000, 0x00007f9bd414b000, 0x00007f9bd414d000,
0x00007f9bd421a000, 0x00007f9bd4669000, 0x00007f9bd466a000, 0x00007f9bd4768800,
0x00007f9bd476e800, 0x00007f9b4c001000, 0x00007f9bd4791800, 0x00007f9b50014000,
0x00007f9bd4b73800, 0x000055a96113f800, 0x00007f9b5800f800, 0x00007f9b58010800,
0x00007f9b58011800, 0x00007f9b58012800, 0x00007f9b58014000, 0x00007f9b58015800,
0x00007f9b40a86000, 0x00007f9b54002000, 0x00007f9b600df000, 0x00007f9b54015000,
0x00007f9b54016800, 0x00007f9b602a4800, 0x00007f9b40a87000, 0x00007f9b40a8a800
}

Java Threads: ( => current thread )
  0x00007f9bd4015800 JavaThread "main" [_thread_blocked, id=7494, stack(0x00007f9bdaa6e000,0x00007f9bdab6f000)]
  0x00007f9bd4131800 JavaThread "Reference Handler" daemon [_thread_blocked, id=7509, stack(0x00007f9ba8427000,0x00007f9ba8528000)]
  0x00007f9bd4133800 JavaThread "Finalizer" daemon [_thread_blocked, id=7510, stack(0x00007f9ba8326000,0x00007f9ba8427000)]
  0x00007f9bd413d000 JavaThread "Signal Dispatcher" daemon [_thread_blocked, id=7511, stack(0x00007f9ba8225000,0x00007f9ba8326000)]
  0x00007f9bd4147000 JavaThread "C1 CompilerThread0" daemon [_thread_blocked, id=7512, stack(0x00007f9ba8124000,0x00007f9ba8225000)]
  0x00007f9bd4149000 JavaThread "C1 CompilerThread1" daemon [_thread_blocked, id=7513, stack(0x00007f9ba8023000,0x00007f9ba8124000)]
  0x00007f9bd414b000 JavaThread "C1 CompilerThread2" daemon [_thread_blocked, id=7514, stack(0x00007f9b7f530000,0x00007f9b7f631000)]
  0x00007f9bd414d000 JavaThread "Sweeper thread" daemon [_thread_blocked, id=7515, stack(0x00007f9b7f42f000,0x00007f9b7f530000)]
  0x00007f9bd421a000 JavaThread "Common-Cleaner" daemon [_thread_blocked, id=7518, stack(0x00007f9b7f32e000,0x00007f9b7f42f000)]
  0x00007f9bd4669000 JavaThread "Monitor Ctrl-Break" daemon [_thread_in_native, id=7525, stack(0x00007f9b7ee03000,0x00007f9b7ef04000)]
  0x00007f9bd466a000 JavaThread "Service Thread" daemon [_thread_blocked, id=7526, stack(0x00007f9b7ed02000,0x00007f9b7ee03000)]
  0x00007f9bd4768800 JavaThread "RMI TCP Accept-0" daemon [_thread_in_native, id=7529, stack(0x00007f9b7ddcf000,0x00007f9b7ded0000)]
  0x00007f9bd476e800 JavaThread "RMI TCP Accept-43297" daemon [_thread_in_native, id=7531, stack(0x00007f9b7dcce000,0x00007f9b7ddcf000)]
  0x00007f9b4c001000 JavaThread "RMI TCP Connection(1)-127.0.0.1" daemon [_thread_blocked, id=7532, stack(0x00007f9b7d9cd000,0x00007f9b7dace000)]
  0x00007f9bd4791800 JavaThread "RMI TCP Accept-0" daemon [_thread_in_native, id=7535, stack(0x00007f9b7d7cb000,0x00007f9b7d8cc000)]
  0x00007f9b50014000 JavaThread "RMI Scheduler(0)" daemon [_thread_blocked, id=7538, stack(0x00007f9b7d5c8000,0x00007f9b7d6c9000)]
  0x00007f9bd4b73800 JavaThread "Thread-0" [_thread_blocked, id=7551, stack(0x00007f9b7d1c6000,0x00007f9b7d2c7000)]
  0x000055a96113f800 JavaThread "restartedMain" [_thread_blocked, id=7553, stack(0x00007f9b7cfc4000,0x00007f9b7d0c5000)]
  0x00007f9b5800f800 JavaThread "RMI TCP Connection(idle)" daemon [_thread_blocked, id=7628, stack(0x00007f9b7c0bf000,0x00007f9b7c1c0000)]
  0x00007f9b58010800 JavaThread "RMI TCP Connection(idle)" daemon [_thread_blocked, id=7632, stack(0x00007f9b3bcff000,0x00007f9b3be00000)]
  0x00007f9b58011800 JavaThread "RMI TCP Connection(idle)" daemon [_thread_blocked, id=7638, stack(0x00007f9b3bbfe000,0x00007f9b3bcff000)]
  0x00007f9b58012800 JavaThread "RMI TCP Connection(idle)" daemon [_thread_blocked, id=7644, stack(0x00007f9b3bafd000,0x00007f9b3bbfe000)]
  0x00007f9b58014000 JavaThread "RMI TCP Connection(idle)" daemon [_thread_blocked, id=7648, stack(0x00007f9b3b9fc000,0x00007f9b3bafd000)]
  0x00007f9b58015800 JavaThread "RMI TCP Connection(28)-127.0.0.1" daemon [_thread_in_native, id=7687, stack(0x00007f9b3b8fb000,0x00007f9b3b9fc000)]
  0x00007f9b40a86000 JavaThread "Tomcat-startStop-1" daemon [_thread_blocked, id=7782, stack(0x00007f9b3b7fa000,0x00007f9b3b8fb000)]
  0x00007f9b54002000 JavaThread "localhost-startStop-1" daemon [_thread_blocked, id=7783, stack(0x00007f9b3acf9000,0x00007f9b3adfa000)]
  0x00007f9b600df000 JavaThread "Abandoned connection cleanup thread" daemon [_thread_blocked, id=7810, stack(0x00007f9b3abf8000,0x00007f9b3acf9000)]
  0x00007f9b54015000 JavaThread "Thread-4" daemon [_thread_blocked, id=7811, stack(0x00007f9b3a8f7000,0x00007f9b3a9f8000)]
  0x00007f9b54016800 JavaThread "SimplePauseDetectorThread_0" daemon [_thread_blocked, id=7812, stack(0x00007f9b3a7f6000,0x00007f9b3a8f7000)]
  0x00007f9b602a4800 JavaThread "HikariPool-1 housekeeper" daemon [_thread_blocked, id=7846, stack(0x00007f9b3a6f5000,0x00007f9b3a7f6000)]
  0x00007f9b40a87000 JavaThread "ContainerBackgroundProcessor[StandardEngine[Tomcat]]" daemon [_thread_blocked, id=7982, stack(0x00007f9b7ccc3000,0x00007f9b7cdc4000)]
  0x00007f9b40a8a800 JavaThread "container-0" [_thread_blocked, id=7983, stack(0x00007f9b7d4c7000,0x00007f9b7d5c8000)]

Other Threads:
=>0x00007f9bd4128000 VMThread "VM Thread" [stack: 0x00007f9ba852a000,0x00007f9ba862a000] [id=7508]
  0x00007f9bd4794800 WatcherThread [stack: 0x00007f9b7d6cb000,0x00007f9b7d7cb000] [id=7537]
  0x00007f9bd402b800 GCTaskThread "GC Thread#0" [stack: 0x00007f9bba3b4000,0x00007f9bba4b4000] [id=7495]
  0x00007f9bd402d000 GCTaskThread "GC Thread#1" [stack: 0x00007f9bba2b2000,0x00007f9bba3b2000] [id=7496]
  0x00007f9bd402f000 GCTaskThread "GC Thread#2" [stack: 0x00007f9bba1b0000,0x00007f9bba2b0000] [id=7497]
  0x00007f9bd4030800 GCTaskThread "GC Thread#3" [stack: 0x00007f9bba0ae000,0x00007f9bba1ae000] [id=7498]
  0x00007f9bd4066800 ConcurrentGCThread "G1 Main Marker" [stack: 0x00007f9bb874a000,0x00007f9bb884a000] [id=7499]
  0x00007f9bd4068800 ConcurrentGCThread "G1 Conc#0" [stack: 0x00007f9bb8648000,0x00007f9bb8748000] [id=7500]
  0x00007f9bd409a000 ConcurrentGCThread "G1 Refine#0" [stack: 0x00007f9bb8142000,0x00007f9bb8242000] [id=7501]
  0x00007f9bd409b800 ConcurrentGCThread "G1 Refine#1" [stack: 0x00007f9bb8040000,0x00007f9bb8140000] [id=7502]
  0x00007f9bd409d800 ConcurrentGCThread "G1 Refine#2" [stack: 0x00007f9ba9030000,0x00007f9ba9130000] [id=7503]
  0x00007f9bd409f000 ConcurrentGCThread "G1 Refine#3" [stack: 0x00007f9ba8f2e000,0x00007f9ba902e000] [id=7504]
  0x00007f9bd40a1000 ConcurrentGCThread "G1 Young RemSet Sampling" [stack: 0x00007f9ba8e2c000,0x00007f9ba8f2c000] [id=7505]

Threads with active compile tasks:

VM state:at safepoint (normal execution)

VM Mutex/Monitor currently owned by a thread:  ([mutex/lock_event])
[0x00007f9bd4011a80] Threads_lock - owner thread: 0x00007f9bd4128000
[0x00007f9bd4012020] Heap_lock - owner thread: 0x000055a96113f800

Heap address: 0x00000000c4c00000, size: 948 MB, Compressed Oops mode: 32-bit
Narrow klass base: 0x0000000000000000, Narrow klass shift: 3
Compressed class space size: 1073741824 Address: 0x0000000100000000

Heap:
 garbage-first heap   total 313344K, used 52137K [0x00000000c4c00000, 0x0000000100000000)
  region size 1024K, 1 young (1024K), 1 survivors (1024K)
 Metaspace       used 67110K, capacity 68954K, committed 69376K, reserved 1110016K
  class space    used 8186K, capacity 8876K, committed 8960K, reserved 1048576K
Heap Regions: E=young(eden), S=young(survivor), O=old, HS=humongous(starts), HC=humongous(continues), CS=collection set, F=free, A=archive, TS=gc time stamp, AC=allocation context, TAMS=top-at-mark-start (previous, next)
|   0|0x00000000c4c00000, 0x00000000c4d00000, 0x00000000c4d00000|100%| O|  |TS  0|AC  0|TAMS 0x00000000c4d00000, 0x00000000c4d00000|
|   1|0x00000000c4d00000, 0x00000000c4e00000, 0x00000000c4e00000|100%| O|  |TS  0|AC  0|TAMS 0x00000000c4e00000, 0x00000000c4e00000|
|   2|0x00000000c4e00000, 0x00000000c4f00000, 0x00000000c4f00000|100%| O|  |TS  0|AC  0|TAMS 0x00000000c4f00000, 0x00000000c4f00000|
|   3|0x00000000c4f00000, 0x00000000c5000000, 0x00000000c5000000|100%| O|  |TS  0|AC  0|TAMS 0x00000000c5000000, 0x00000000c5000000|
|   4|0x00000000c5000000, 0x00000000c5100000, 0x00000000c5100000|100%| O|  |TS  0|AC  0|TAMS 0x00000000c5100000, 0x00000000c5100000|
|   5|0x00000000c5100000, 0x00000000c5200000, 0x00000000c5200000|100%| O|  |TS  0|AC  0|TAMS 0x00000000c5200000, 0x00000000c5200000|
|   6|0x00000000c5200000, 0x00000000c5300000, 0x00000000c5300000|100%| O|  |TS  0|AC  0|TAMS 0x00000000c5300000, 0x00000000c5300000|
|   7|0x00000000c5300000, 0x00000000c5400000, 0x00000000c5400000|100%| O|  |TS  0|AC  0|TAMS 0x00000000c5400000, 0x00000000c5400000|
|   8|0x00000000c5400000, 0x00000000c5500000, 0x00000000c5500000|100%| O|  |TS  0|AC  0|TAMS 0x00000000c5500000, 0x00000000c5500000|
|   9|0x00000000c5500000, 0x00000000c5600000, 0x00000000c5600000|100%| O|  |TS  0|AC  0|TAMS 0x00000000c5600000, 0x00000000c5600000|
|  10|0x00000000c5600000, 0x00000000c5700000, 0x00000000c5700000|100%| O|  |TS  0|AC  0|TAMS 0x00000000c5700000, 0x00000000c5700000|
|  11|0x00000000c5700000, 0x00000000c5800000, 0x00000000c5800000|100%| O|  |TS  0|AC  0|TAMS 0x00000000c5800000, 0x00000000c5800000|
|  12|0x00000000c5800000, 0x00000000c5900000, 0x00000000c5900000|100%| O|  |TS  0|AC  0|TAMS 0x00000000c5900000, 0x00000000c5900000|
|  13|0x00000000c5900000, 0x00000000c5a00000, 0x00000000c5a00000|100%| O|  |TS  0|AC  0|TAMS 0x00000000c5a00000, 0x00000000c5a00000|
|  14|0x00000000c5a00000, 0x00000000c5b00000, 0x00000000c5b00000|100%| O|  |TS  0|AC  0|TAMS 0x00000000c5b00000, 0x00000000c5b00000|
|  15|0x00000000c5b00000, 0x00000000c5c00000, 0x00000000c5c00000|100%| O|  |TS  0|AC  0|TAMS 0x00000000c5c00000, 0x00000000c5c00000|
|  16|0x00000000c5c00000, 0x00000000c5d00000, 0x00000000c5d00000|100%| O|  |TS  0|AC  0|TAMS 0x00000000c5d00000, 0x00000000c5d00000|
|  17|0x00000000c5d00000, 0x00000000c5e00000, 0x00000000c5e00000|100%| O|  |TS  0|AC  0|TAMS 0x00000000c5e00000, 0x00000000c5e00000|
|  18|0x00000000c5e00000, 0x00000000c5f00000, 0x00000000c5f00000|100%| O|  |TS  0|AC  0|TAMS 0x00000000c5f00000, 0x00000000c5f00000|
|  19|0x00000000c5f00000, 0x00000000c6000000, 0x00000000c6000000|100%| O|  |TS  0|AC  0|TAMS 0x00000000c6000000, 0x00000000c6000000|
|  20|0x00000000c6000000, 0x00000000c6100000, 0x00000000c6100000|100%| O|  |TS  0|AC  0|TAMS 0x00000000c6100000, 0x00000000c6100000|
|  21|0x00000000c6100000, 0x00000000c6200000, 0x00000000c6200000|100%| O|  |TS  0|AC  0|TAMS 0x00000000c6200000, 0x00000000c6200000|
|  22|0x00000000c6200000, 0x00000000c6300000, 0x00000000c6300000|100%| O|  |TS  0|AC  0|TAMS 0x00000000c6300000, 0x00000000c6300000|
|  23|0x00000000c6300000, 0x00000000c6400000, 0x00000000c6400000|100%| O|  |TS  0|AC  0|TAMS 0x00000000c6400000, 0x00000000c6400000|
|  24|0x00000000c6400000, 0x00000000c6500000, 0x00000000c6500000|100%| O|  |TS  0|AC  0|TAMS 0x00000000c6500000, 0x00000000c6500000|
|  25|0x00000000c6500000, 0x00000000c6600000, 0x00000000c6600000|100%| O|  |TS  0|AC  0|TAMS 0x00000000c6600000, 0x00000000c6600000|
|  26|0x00000000c6600000, 0x00000000c6700000, 0x00000000c6700000|100%| O|  |TS  0|AC  0|TAMS 0x00000000c6700000, 0x00000000c6700000|
|  27|0x00000000c6700000, 0x00000000c6800000, 0x00000000c6800000|100%| O|  |TS  0|AC  0|TAMS 0x00000000c6800000, 0x00000000c6800000|
|  28|0x00000000c6800000, 0x00000000c6900000, 0x00000000c6900000|100%| O|  |TS  0|AC  0|TAMS 0x00000000c6900000, 0x00000000c6900000|
|  29|0x00000000c6900000, 0x00000000c6a00000, 0x00000000c6a00000|100%| O|  |TS  0|AC  0|TAMS 0x00000000c6a00000, 0x00000000c6a00000|
|  30|0x00000000c6a00000, 0x00000000c6b00000, 0x00000000c6b00000|100%| O|  |TS  0|AC  0|TAMS 0x00000000c6b00000, 0x00000000c6b00000|
|  31|0x00000000c6b00000, 0x00000000c6c00000, 0x00000000c6c00000|100%| O|  |TS  0|AC  0|TAMS 0x00000000c6c00000, 0x00000000c6c00000|
|  32|0x00000000c6c00000, 0x00000000c6d00000, 0x00000000c6d00000|100%| O|  |TS  0|AC  0|TAMS 0x00000000c6d00000, 0x00000000c6d00000|
|  33|0x00000000c6d00000, 0x00000000c6e00000, 0x00000000c6e00000|100%| O|  |TS  0|AC  0|TAMS 0x00000000c6e00000, 0x00000000c6e00000|
|  34|0x00000000c6e00000, 0x00000000c6f00000, 0x00000000c6f00000|100%| O|  |TS  0|AC  0|TAMS 0x00000000c6f00000, 0x00000000c6f00000|
|  35|0x00000000c6f00000, 0x00000000c7000000, 0x00000000c7000000|100%| O|  |TS  0|AC  0|TAMS 0x00000000c7000000, 0x00000000c7000000|
|  36|0x00000000c7000000, 0x00000000c7100000, 0x00000000c7100000|100%| O|  |TS  0|AC  0|TAMS 0x00000000c7100000, 0x00000000c7100000|
|  37|0x00000000c7100000, 0x00000000c7200000, 0x00000000c7200000|100%| O|  |TS  0|AC  0|TAMS 0x00000000c7200000, 0x00000000c7200000|
|  38|0x00000000c7200000, 0x00000000c7300000, 0x00000000c7300000|100%| O|  |TS  0|AC  0|TAMS 0x00000000c7300000, 0x00000000c7300000|
|  39|0x00000000c7300000, 0x00000000c7400000, 0x00000000c7400000|100%| O|  |TS  0|AC  0|TAMS 0x00000000c7400000, 0x00000000c7400000|
|  40|0x00000000c7400000, 0x00000000c7500000, 0x00000000c7500000|100%| O|  |TS  0|AC  0|TAMS 0x00000000c7500000, 0x00000000c7500000|
|  41|0x00000000c7500000, 0x00000000c7600000, 0x00000000c7600000|100%| O|  |TS  0|AC  0|TAMS 0x00000000c7600000, 0x00000000c7600000|
|  42|0x00000000c7600000, 0x00000000c7700000, 0x00000000c7700000|100%| O|  |TS  0|AC  0|TAMS 0x00000000c7700000, 0x00000000c7700000|
|  43|0x00000000c7700000, 0x00000000c7800000, 0x00000000c7800000|100%| O|  |TS  0|AC  0|TAMS 0x00000000c7800000, 0x00000000c7800000|
|  44|0x00000000c7800000, 0x00000000c7900000, 0x00000000c7900000|100%| O|  |TS  0|AC  0|TAMS 0x00000000c7900000, 0x00000000c7900000|
|  45|0x00000000c7900000, 0x00000000c7a00000, 0x00000000c7a00000|100%| O|  |TS  0|AC  0|TAMS 0x00000000c7a00000, 0x00000000c7a00000|
|  46|0x00000000c7a00000, 0x00000000c7b00000, 0x00000000c7b00000|100%| O|  |TS  0|AC  0|TAMS 0x00000000c7b00000, 0x00000000c7b00000|
|  47|0x00000000c7b00000, 0x00000000c7c00000, 0x00000000c7c00000|100%| O|  |TS  0|AC  0|TAMS 0x00000000c7c00000, 0x00000000c7c00000|
|  48|0x00000000c7c00000, 0x00000000c7d00000, 0x00000000c7d00000|100%| O|  |TS  0|AC  0|TAMS 0x00000000c7d00000, 0x00000000c7d00000|
|  49|0x00000000c7d00000, 0x00000000c7e00000, 0x00000000c7e00000|100%| O|  |TS  1|AC  0|TAMS 0x00000000c7d06600, 0x00000000c7d06600|
|  50|0x00000000c7e00000, 0x00000000c7e00000, 0x00000000c7f00000|  0%| F|  |TS  1|AC  0|TAMS 0x00000000c7e00000, 0x00000000c7e00000|
|  51|0x00000000c7f00000, 0x00000000c7f00000, 0x00000000c8000000|  0%| F|  |TS  1|AC  0|TAMS 0x00000000c7f00000, 0x00000000c7f00000|
|  52|0x00000000c8000000, 0x00000000c8000000, 0x00000000c8100000|  0%| F|  |TS  1|AC  0|TAMS 0x00000000c8000000, 0x00000000c8000000|
|  53|0x00000000c8100000, 0x00000000c816a400, 0x00000000c8200000| 41%| O|  |TS  1|AC  0|TAMS 0x00000000c8100000, 0x00000000c8100000|
|  54|0x00000000c8200000, 0x00000000c8200000, 0x00000000c8300000|  0%| F|  |TS  0|AC  0|TAMS 0x00000000c8200000, 0x00000000c8200000|
|  55|0x00000000c8300000, 0x00000000c8300000, 0x00000000c8400000|  0%| F|  |TS  0|AC  0|TAMS 0x00000000c8300000, 0x00000000c8300000|
|  56|0x00000000c8400000, 0x00000000c8400000, 0x00000000c8500000|  0%| F|  |TS  0|AC  0|TAMS 0x00000000c8400000, 0x00000000c8400000|
|  57|0x00000000c8500000, 0x00000000c8500000, 0x00000000c8600000|  0%| F|  |TS  0|AC  0|TAMS 0x00000000c8500000, 0x00000000c8500000|
|  58|0x00000000c8600000, 0x00000000c8600000, 0x00000000c8700000|  0%| F|  |TS  0|AC  0|TAMS 0x00000000c8600000, 0x00000000c8600000|
|  59|0x00000000c8700000, 0x00000000c8700000, 0x00000000c8800000|  0%| F|  |TS  0|AC  0|TAMS 0x00000000c8700000, 0x00000000c8700000|
|  60|0x00000000c8800000, 0x00000000c8800000, 0x00000000c8900000|  0%| F|  |TS  0|AC  0|TAMS 0x00000000c8800000, 0x00000000c8800000|
|  61|0x00000000c8900000, 0x00000000c8900000, 0x00000000c8a00000|  0%| F|  |TS  0|AC  0|TAMS 0x00000000c8900000, 0x00000000c8900000|
|  62|0x00000000c8a00000, 0x00000000c8a00000, 0x00000000c8b00000|  0%| F|  |TS  0|AC  0|TAMS 0x00000000c8a00000, 0x00000000c8a00000|
|  63|0x00000000c8b00000, 0x00000000c8b00000, 0x00000000c8c00000|  0%| F|  |TS  0|AC  0|TAMS 0x00000000c8b00000, 0x00000000c8b00000|
|  64|0x00000000c8c00000, 0x00000000c8c00000, 0x00000000c8d00000|  0%| F|  |TS  0|AC  0|TAMS 0x00000000c8c00000, 0x00000000c8c00000|
|  65|0x00000000c8d00000, 0x00000000c8d00000, 0x00000000c8e00000|  0%| F|  |TS  0|AC  0|TAMS 0x00000000c8d00000, 0x00000000c8d00000|
|  66|0x00000000c8e00000, 0x00000000c8e00000, 0x00000000c8f00000|  0%| F|  |TS  0|AC  0|TAMS 0x00000000c8e00000, 0x00000000c8e00000|
|  67|0x00000000c8f00000, 0x00000000c8f00000, 0x00000000c9000000|  0%| F|  |TS  0|AC  0|TAMS 0x00000000c8f00000, 0x00000000c8f00000|
|  68|0x00000000c9000000, 0x00000000c9000000, 0x00000000c9100000|  0%| F|  |TS  0|AC  0|TAMS 0x00000000c9000000, 0x00000000c9000000|
|  69|0x00000000c9100000, 0x00000000c9100000, 0x00000000c9200000|  0%| F|  |TS  0|AC  0|TAMS 0x00000000c9100000, 0x00000000c9100000|
|  70|0x00000000c9200000, 0x00000000c9200000, 0x00000000c9300000|  0%| F|  |TS  0|AC  0|TAMS 0x00000000c9200000, 0x00000000c9200000|
|  71|0x00000000c9300000, 0x00000000c9300000, 0x00000000c9400000|  0%| F|  |TS  0|AC  0|TAMS 0x00000000c9300000, 0x00000000c9300000|
|  72|0x00000000c9400000, 0x00000000c9400000, 0x00000000c9500000|  0%| F|  |TS  0|AC  0|TAMS 0x00000000c9400000, 0x00000000c9400000|
|  73|0x00000000c9500000, 0x00000000c9500000, 0x00000000c9600000|  0%| F|  |TS  0|AC  0|TAMS 0x00000000c9500000, 0x00000000c9500000|
|  74|0x00000000c9600000, 0x00000000c9600000, 0x00000000c9700000|  0%| F|  |TS  0|AC  0|TAMS 0x00000000c9600000, 0x00000000c9600000|
|  75|0x00000000c9700000, 0x00000000c9700000, 0x00000000c9800000|  0%| F|  |TS  0|AC  0|TAMS 0x00000000c9700000, 0x00000000c9700000|
|  76|0x00000000c9800000, 0x00000000c9800000, 0x00000000c9900000|  0%| F|  |TS  0|AC  0|TAMS 0x00000000c9800000, 0x00000000c9800000|
|  77|0x00000000c9900000, 0x00000000c9900000, 0x00000000c9a00000|  0%| F|  |TS  1|AC  0|TAMS 0x00000000c9900000, 0x00000000c9900000|
|  78|0x00000000c9a00000, 0x00000000c9a00000, 0x00000000c9b00000|  0%| F|  |TS  1|AC  0|TAMS 0x00000000c9a00000, 0x00000000c9a00000|
|  79|0x00000000c9b00000, 0x00000000c9b00000, 0x00000000c9c00000|  0%| F|  |TS  0|AC  0|TAMS 0x00000000c9b00000, 0x00000000c9b00000|
|  80|0x00000000c9c00000, 0x00000000c9c00000, 0x00000000c9d00000|  0%| F|  |TS  0|AC  0|TAMS 0x00000000c9c00000, 0x00000000c9c00000|
|  81|0x00000000c9d00000, 0x00000000c9d00000, 0x00000000c9e00000|  0%| F|  |TS  0|AC  0|TAMS 0x00000000c9d00000, 0x00000000c9d00000|
|  82|0x00000000c9e00000, 0x00000000c9e00000, 0x00000000c9f00000|  0%| F|  |TS  0|AC  0|TAMS 0x00000000c9e00000, 0x00000000c9e00000|
|  83|0x00000000c9f00000, 0x00000000c9f00000, 0x00000000ca000000|  0%| F|  |TS  0|AC  0|TAMS 0x00000000c9f00000, 0x00000000c9f00000|
|  84|0x00000000ca000000, 0x00000000ca000000, 0x00000000ca100000|  0%| F|  |TS  0|AC  0|TAMS 0x00000000ca000000, 0x00000000ca000000|
|  85|0x00000000ca100000, 0x00000000ca100000, 0x00000000ca200000|  0%| F|  |TS  0|AC  0|TAMS 0x00000000ca100000, 0x00000000ca100000|
|  86|0x00000000ca200000, 0x00000000ca200000, 0x00000000ca300000|  0%| F|  |TS  0|AC  0|TAMS 0x00000000ca200000, 0x00000000ca200000|
|  87|0x00000000ca300000, 0x00000000ca300000, 0x00000000ca400000|  0%| F|  |TS  0|AC  0|TAMS 0x00000000ca300000, 0x00000000ca300000|
|  88|0x00000000ca400000, 0x00000000ca400000, 0x00000000ca500000|  0%| F|  |TS  0|AC  0|TAMS 0x00000000ca400000, 0x00000000ca400000|
|  89|0x00000000ca500000, 0x00000000ca500000, 0x00000000ca600000|  0%| F|  |TS  0|AC  0|TAMS 0x00000000ca500000, 0x00000000ca500000|
|  90|0x00000000ca600000, 0x00000000ca600000, 0x00000000ca700000|  0%| F|  |TS  0|AC  0|TAMS 0x00000000ca600000, 0x00000000ca600000|
|  91|0x00000000ca700000, 0x00000000ca700000, 0x00000000ca800000|  0%| F|  |TS  0|AC  0|TAMS 0x00000000ca700000, 0x00000000ca700000|
|  92|0x00000000ca800000, 0x00000000ca800000, 0x00000000ca900000|  0%| F|  |TS  0|AC  0|TAMS 0x00000000ca800000, 0x00000000ca800000|
|  93|0x00000000ca900000, 0x00000000ca900000, 0x00000000caa00000|  0%| F|  |TS  0|AC  0|TAMS 0x00000000ca900000, 0x00000000ca900000|
|  94|0x00000000caa00000, 0x00000000caa00000, 0x00000000cab00000|  0%| F|  |TS  0|AC  0|TAMS 0x00000000caa00000, 0x00000000caa00000|
|  95|0x00000000cab00000, 0x00000000cab00000, 0x00000000cac00000|  0%| F|  |TS  0|AC  0|TAMS 0x00000000cab00000, 0x00000000cab00000|
|  96|0x00000000cac00000, 0x00000000cac00000, 0x00000000cad00000|  0%| F|  |TS  0|AC  0|TAMS 0x00000000cac00000, 0x00000000cac00000|
|  97|0x00000000cad00000, 0x00000000cad00000, 0x00000000cae00000|  0%| F|  |TS  0|AC  0|TAMS 0x00000000cad00000, 0x00000000cad00000|
|  98|0x00000000cae00000, 0x00000000cae800e8, 0x00000000caf00000| 50%| S|CS|TS  1|AC  0|TAMS 0x00000000cae00000, 0x00000000cae00000|
|  99|0x00000000caf00000, 0x00000000caf00000, 0x00000000cb000000|  0%| F|  |TS  1|AC  0|TAMS 0x00000000caf00000, 0x00000000caf00000|
| 100|0x00000000cb000000, 0x00000000cb000000, 0x00000000cb100000|  0%| F|  |TS  1|AC  0|TAMS 0x00000000cb000000, 0x00000000cb000000|
| 101|0x00000000cb100000, 0x00000000cb100000, 0x00000000cb200000|  0%| F|  |TS  1|AC  0|TAMS 0x00000000cb100000, 0x00000000cb100000|

Card table byte_map: [0x00007f9bb98f4000,0x00007f9bb9ace000] byte_map_base: 0x00007f9bb92ce000

Marking Bits (Prev, Next): (CMBitMap*) 0x00007f9bd4065ed8, (CMBitMap*) 0x00007f9bd4065ea0
 Prev Bits: [0x00007f9bab130000, 0x00007f9bac000000)
 Next Bits: [0x00007f9bb884a000, 0x00007f9bb971a000)

Polling page: 0x00007f9bdab86000

CodeHeap 'non-profiled nmethods': size=238948Kb used=14145Kb max_used=14145Kb free=224802Kb
 bounds [0x00007f9bbad2e000, 0x00007f9bbbb0e000, 0x00007f9bc9687000]
CodeHeap 'non-nmethods': size=6812Kb used=3358Kb max_used=3358Kb free=3453Kb
 bounds [0x00007f9bba687000, 0x00007f9bba9d7000, 0x00007f9bbad2e000]
 total_blobs=9309 nmethods=8325 adapters=778
 compilation: enabled

Compilation events (10 events):
Event: 125.501 Thread 0x00007f9bd4149000 8438       1       java.lang.invoke.LambdaForm::<init> (13 bytes)
Event: 125.501 Thread 0x00007f9bd4147000 nmethod 8437 0x00007f9bbbaf9210 code [0x00007f9bbbaf93c0, 0x00007f9bbbaf9530]
Event: 125.501 Thread 0x00007f9bd4147000 8440       1       java.lang.invoke.DelegatingMethodHandle::makeReinvokerForm (344 bytes)
Event: 125.501 Thread 0x00007f9bd4149000 nmethod 8438 0x00007f9bbbaf9610 code [0x00007f9bbbaf97c0, 0x00007f9bbbaf9908]
Event: 125.501 Thread 0x00007f9bd4149000 8441       1       java.lang.invoke.DelegatingMethodHandle::whichKind (40 bytes)
Event: 125.501 Thread 0x00007f9bd4149000 nmethod 8441 0x00007f9bbbaf9990 code [0x00007f9bbbaf9b40, 0x00007f9bbbaf9c70]
Event: 125.501 Thread 0x00007f9bd4149000 8442       1       java.lang.invoke.ClassSpecializer$SpeciesData::factory (14 bytes)
Event: 125.501 Thread 0x00007f9bd4149000 nmethod 8442 0x00007f9bbbaf9d10 code [0x00007f9bbbaf9ec0, 0x00007f9bbbafa028]
Event: 125.504 Thread 0x00007f9bd414b000 nmethod 8439 0x00007f9bbbafa110 code [0x00007f9bbbafa400, 0x00007f9bbbafba38]
Event: 125.504 Thread 0x00007f9bd4147000 nmethod 8440 0x00007f9bbbafc890 code [0x00007f9bbbafcba0, 0x00007f9bbbafdd18]

GC Heap History (10 events):
Event: 121.227 GC heap after
{Heap after GC invocations=79 (full 0):
 garbage-first heap   total 104448K, used 49340K [0x00000000c4c00000, 0x0000000100000000)
  region size 1024K, 3 young (3072K), 3 survivors (3072K)
 Metaspace       used 64969K, capacity 66737K, committed 67072K, reserved 1107968K
  class space    used 7994K, capacity 8662K, committed 8704K, reserved 1048576K
}
Event: 122.005 GC heap before
{Heap before GC invocations=80 (full 0):
 garbage-first heap   total 104448K, used 72892K [0x00000000c4c00000, 0x0000000100000000)
  region size 1024K, 26 young (26624K), 3 survivors (3072K)
 Metaspace       used 65731K, capacity 67515K, committed 67968K, reserved 1107968K
  class space    used 8083K, capacity 8772K, committed 8832K, reserved 1048576K
}
Event: 123.134 GC heap after
{Heap after GC invocations=81 (full 0):
 garbage-first heap   total 104448K, used 50414K [0x00000000c4c00000, 0x0000000100000000)
  region size 1024K, 3 young (3072K), 3 survivors (3072K)
 Metaspace       used 65731K, capacity 67515K, committed 67968K, reserved 1107968K
  class space    used 8083K, capacity 8772K, committed 8832K, reserved 1048576K
}
Event: 123.178 GC heap before
{Heap before GC invocations=81 (full 0):
 garbage-first heap   total 104448K, used 52462K [0x00000000c4c00000, 0x0000000100000000)
  region size 1024K, 5 young (5120K), 3 survivors (3072K)
 Metaspace       used 65762K, capacity 67596K, committed 67968K, reserved 1107968K
  class space    used 8091K, capacity 8786K, committed 8832K, reserved 1048576K
}
Event: 123.186 GC heap after
{Heap after GC invocations=82 (full 0):
 garbage-first heap   total 104448K, used 50640K [0x00000000c4c00000, 0x0000000100000000)
  region size 1024K, 1 young (1024K), 1 survivors (1024K)
 Metaspace       used 65762K, capacity 67596K, committed 67968K, reserved 1107968K
  class space    used 8091K, capacity 8786K, committed 8832K, reserved 1048576K
}
Event: 123.265 GC heap before
{Heap before GC invocations=82 (full 0):
 garbage-first heap   total 104448K, used 54736K [0x00000000c4c00000, 0x0000000100000000)
  region size 1024K, 5 young (5120K), 1 survivors (1024K)
 Metaspace       used 65768K, capacity 67596K, committed 67968K, reserved 1107968K
  class space    used 8092K, capacity 8786K, committed 8832K, reserved 1048576K
}
Event: 123.271 GC heap after
{Heap after GC invocations=83 (full 0):
 garbage-first heap   total 104448K, used 50533K [0x00000000c4c00000, 0x0000000100000000)
  region size 1024K, 1 young (1024K), 1 survivors (1024K)
 Metaspace       used 65768K, capacity 67596K, committed 67968K, reserved 1107968K
  class space    used 8092K, capacity 8786K, committed 8832K, reserved 1048576K
}
Event: 124.880 GC heap before
{Heap before GC invocations=84 (full 0):
 garbage-first heap   total 104448K, used 72037K [0x00000000c4c00000, 0x0000000100000000)
  region size 1024K, 23 young (23552K), 1 survivors (1024K)
 Metaspace       used 66192K, capacity 68007K, committed 68352K, reserved 1107968K
  class space    used 8140K, capacity 8837K, committed 8960K, reserved 1048576K
}
Event: 124.950 GC heap after
{Heap after GC invocations=85 (full 0):
 garbage-first heap   total 104448K, used 52154K [0x00000000c4c00000, 0x0000000100000000)
  region size 1024K, 2 young (2048K), 2 survivors (2048K)
 Metaspace       used 66192K, capacity 68007K, committed 68352K, reserved 1107968K
  class space    used 8140K, capacity 8837K, committed 8960K, reserved 1048576K
}
Event: 125.607 GC heap before
{Heap before GC invocations=86 (full 0):
 garbage-first heap   total 104448K, used 58298K [0x00000000c4c00000, 0x0000000100000000)
  region size 1024K, 5 young (5120K), 2 survivors (2048K)
 Metaspace       used 67110K, capacity 68954K, committed 69376K, reserved 1110016K
  class space    used 8186K, capacity 8876K, committed 8960K, reserved 1048576K
}

Deoptimization events (0 events):
No events

Classes redefined (0 events):
No events

Internal exceptions (10 events):
Event: 125.051 Thread 0x000055a96113f800 Exception <a 'java/lang/SecurityException'{0x00000000cb14c850}> (0x00000000cb14c850) thrown at [/build/openjdk-lts-tXWsoM/openjdk-lts-10.0.1+10/src/hotspot/share/prims/jvm.cpp, line 1349]
Event: 125.089 Thread 0x000055a96113f800 Exception <a 'java/lang/ClassNotFoundException'{0x00000000cb15b980}: java/lang/ClassBeanInfo> (0x00000000cb15b980) thrown at [/build/openjdk-lts-tXWsoM/openjdk-lts-10.0.1+10/src/hotspot/share/classfile/systemDictionary.cpp, line 233]
Event: 125.089 Thread 0x000055a96113f800 Exception <a 'java/lang/ClassNotFoundException'{0x00000000cb15ec08}: java/lang/ClassCustomizer> (0x00000000cb15ec08) thrown at [/build/openjdk-lts-tXWsoM/openjdk-lts-10.0.1+10/src/hotspot/share/classfile/systemDictionary.cpp, line 233]
Event: 125.241 Thread 0x000055a96113f800 Exception <a 'java/lang/ClassNotFoundException'{0x00000000cb033ff0}: groovy/lang/ExpandoMetaClass$DefiningClosureBeanInfo> (0x00000000cb033ff0) thrown at [/build/openjdk-lts-tXWsoM/openjdk-lts-10.0.1+10/src/hotspot/share/classfile/systemDictionary.cpp, li
Event: 125.241 Thread 0x000055a96113f800 Exception <a 'java/lang/ClassNotFoundException'{0x00000000cb043470}: groovy/lang/ExpandoMetaClass$DefiningClosureCustomizer> (0x00000000cb043470) thrown at [/build/openjdk-lts-tXWsoM/openjdk-lts-10.0.1+10/src/hotspot/share/classfile/systemDictionary.cpp, 
Event: 125.246 Thread 0x000055a96113f800 Exception <a 'java/lang/ClassNotFoundException'{0x00000000cb07f7c8}: groovy/lang/ExpandoMetaClass$ExpandoMetaPropertyBeanInfo> (0x00000000cb07f7c8) thrown at [/build/openjdk-lts-tXWsoM/openjdk-lts-10.0.1+10/src/hotspot/share/classfile/systemDictionary.cpp
Event: 125.246 Thread 0x000055a96113f800 Exception <a 'java/lang/ClassNotFoundException'{0x00000000cb08fe20}: groovy/lang/ExpandoMetaClass$ExpandoMetaPropertyCustomizer> (0x00000000cb08fe20) thrown at [/build/openjdk-lts-tXWsoM/openjdk-lts-10.0.1+10/src/hotspot/share/classfile/systemDictionary.c
Event: 125.468 Thread 0x000055a96113f800 Exception <a 'java/lang/NoSuchMethodError'{0x00000000caf99a88}: method resolution failed> (0x00000000caf99a88) thrown at [/build/openjdk-lts-tXWsoM/openjdk-lts-10.0.1+10/src/hotspot/share/prims/methodHandles.cpp, line 1226]
Event: 125.468 Thread 0x000055a96113f800 Exception <a 'java/lang/NoSuchMethodError'{0x00000000caf9ec70}: java.lang.invoke.DirectMethodHandle$Holder.invokeStaticInit(Ljava/lang/Object;Ljava/lang/Object;Ljava/lang/Object;Ljava/lang/Object;ILjava/lang/Object;Ljava/lang/Object;Ljava/lang/Object;Ljav
Event: 125.498 Thread 0x000055a96113f800 Exception <a 'java/lang/NoSuchMethodError'{0x00000000cafa4310}: java.lang.invoke.DirectMethodHandle$Holder.invokeStatic(Ljava/lang/Object;Ljava/lang/Object;Ljava/lang/Object;I)Ljava/lang/Object;> (0x00000000cafa4310) thrown at [/build/openjdk-lts-tXWsoM/o

Events (10 events):
Event: 125.504 loading class groovy/runtime/metaclass/nz/net/ultraq/thymeleaf/context/extensions/IContextExtensions$_apply_closure1$_closure4MetaClass done
Event: 125.505 loading class groovy/lang/MetaClassRegistryChangeEvent
Event: 125.505 loading class groovy/lang/MetaClassRegistryChangeEvent done
Event: 125.532 loading class org/codehaus/groovy/runtime/metaclass/DefaultMetaClassInfo
Event: 125.532 loading class org/codehaus/groovy/runtime/metaclass/DefaultMetaClassInfo done
Event: 125.606 loading class org/codehaus/groovy/runtime/metaclass/DefaultMetaClassInfo$ConstantMetaClassVersioning
Event: 125.606 loading class org/codehaus/groovy/runtime/metaclass/DefaultMetaClassInfo$ConstantMetaClassVersioning done
Event: 125.606 loading class groovy/runtime/metaclass/nz/net/ultraq/thymeleaf/models/extensions/IAttributeExtensionsMetaClass
Event: 125.606 loading class groovy/runtime/metaclass/nz/net/ultraq/thymeleaf/models/extensions/IAttributeExtensionsMetaClass done
Event: 125.607 Executing VM operation: G1IncCollectionPause


Dynamic libraries:
c4c00000-cb200000 rw-p 00000000 00:00 0 
d7e00000-100000000 ---p 00000000 00:00 0 
100000000-1008c0000 rw-p 00000000 00:00 0 
1008c0000-140000000 ---p 00000000 00:00 0 
55a9609d4000-55a9609d5000 r-xp 00000000 fd:00 8652853                    /usr/lib/jvm/java-11-openjdk-amd64/bin/java
55a960bd5000-55a960bd6000 r--p 00001000 fd:00 8652853                    /usr/lib/jvm/java-11-openjdk-amd64/bin/java
55a960bd6000-55a960bd7000 rw-p 00002000 fd:00 8652853                    /usr/lib/jvm/java-11-openjdk-amd64/bin/java
55a961120000-55a961162000 rw-p 00000000 00:00 0                          [heap]
7f9b34000000-7f9b34023000 rw-p 00000000 00:00 0 
7f9b34023000-7f9b38000000 ---p 00000000 00:00 0 
7f9b38de8000-7f9b38ee8000 rw-p 00000000 00:00 0 
7f9b38ee8000-7f9b38fe8000 ---p 00000000 00:00 0 
7f9b390f3000-7f9b392f3000 rw-p 00000000 00:00 0 
7f9b392f3000-7f9b394f3000 rw-p 00000000 00:00 0 
7f9b394f3000-7f9b396f3000 rw-p 00000000 00:00 0 
7f9b396f3000-7f9b398f3000 rw-p 00000000 00:00 0 
7f9b398f3000-7f9b39af3000 rw-p 00000000 00:00 0 
7f9b39af3000-7f9b39cf3000 rw-p 00000000 00:00 0 
7f9b39cf3000-7f9b39ef3000 rw-p 00000000 00:00 0 
7f9b39ef3000-7f9b3a0f3000 rw-p 00000000 00:00 0 
7f9b3a0f3000-7f9b3a0f7000 ---p 00000000 00:00 0 
7f9b3a0f7000-7f9b3a1f4000 rw-p 00000000 00:00 0 
7f9b3a1f4000-7f9b3a1f8000 ---p 00000000 00:00 0 
7f9b3a1f8000-7f9b3a4f5000 rw-p 00000000 00:00 0 
7f9b3a4f5000-7f9b3a6f5000 rw-p 00000000 00:00 0 
7f9b3a6f5000-7f9b3a6f9000 ---p 00000000 00:00 0 
7f9b3a6f9000-7f9b3a7f6000 rw-p 00000000 00:00 0 
7f9b3a7f6000-7f9b3a7fa000 ---p 00000000 00:00 0 
7f9b3a7fa000-7f9b3a8f7000 rw-p 00000000 00:00 0 
7f9b3a8f7000-7f9b3a8fb000 ---p 00000000 00:00 0 
7f9b3a8fb000-7f9b3abf8000 rw-p 00000000 00:00 0 
7f9b3abf8000-7f9b3abfc000 ---p 00000000 00:00 0 
7f9b3abfc000-7f9b3acf9000 rw-p 00000000 00:00 0 
7f9b3acf9000-7f9b3acfd000 ---p 00000000 00:00 0 
7f9b3acfd000-7f9b3affa000 rw-p 00000000 00:00 0 
7f9b3affa000-7f9b3b1fa000 rw-p 00000000 00:00 0 
7f9b3b1fa000-7f9b3b3fa000 rw-p 00000000 00:00 0 
7f9b3b3fa000-7f9b3b5fa000 rw-p 00000000 00:00 0 
7f9b3b5fa000-7f9b3b7fa000 rw-p 00000000 00:00 0 
7f9b3b7fa000-7f9b3b7fe000 ---p 00000000 00:00 0 
7f9b3b7fe000-7f9b3b8fb000 rw-p 00000000 00:00 0 
7f9b3b8fb000-7f9b3b8ff000 ---p 00000000 00:00 0 
7f9b3b8ff000-7f9b3b9fc000 rw-p 00000000 00:00 0 
7f9b3b9fc000-7f9b3ba00000 ---p 00000000 00:00 0 
7f9b3ba00000-7f9b3bafd000 rw-p 00000000 00:00 0 
7f9b3bafd000-7f9b3bb01000 ---p 00000000 00:00 0 
7f9b3bb01000-7f9b3bbfe000 rw-p 00000000 00:00 0 
7f9b3bbfe000-7f9b3bc02000 ---p 00000000 00:00 0 
7f9b3bc02000-7f9b3bcff000 rw-p 00000000 00:00 0 
7f9b3bcff000-7f9b3bd03000 ---p 00000000 00:00 0 
7f9b3bd03000-7f9b3c000000 rw-p 00000000 00:00 0 
7f9b3c000000-7f9b3c26d000 rw-p 00000000 00:00 0 
7f9b3c26d000-7f9b40000000 ---p 00000000 00:00 0 
7f9b40000000-7f9b40d00000 rw-p 00000000 00:00 0 
7f9b40d00000-7f9b44000000 ---p 00000000 00:00 0 
7f9b44000000-7f9b44021000 rw-p 00000000 00:00 0 
7f9b44021000-7f9b48000000 ---p 00000000 00:00 0 
7f9b48000000-7f9b48021000 rw-p 00000000 00:00 0 
7f9b48021000-7f9b4c000000 ---p 00000000 00:00 0 
7f9b4c000000-7f9b4c021000 rw-p 00000000 00:00 0 
7f9b4c021000-7f9b50000000 ---p 00000000 00:00 0 
7f9b50000000-7f9b50021000 rw-p 00000000 00:00 0 
7f9b50021000-7f9b54000000 ---p 00000000 00:00 0 
7f9b54000000-7f9b5402f000 rw-p 00000000 00:00 0 
7f9b5402f000-7f9b58000000 ---p 00000000 00:00 0 
7f9b58000000-7f9b58051000 rw-p 00000000 00:00 0 
7f9b58051000-7f9b5c000000 ---p 00000000 00:00 0 
7f9b5c000000-7f9b5c021000 rw-p 00000000 00:00 0 
7f9b5c021000-7f9b60000000 ---p 00000000 00:00 0 
7f9b60000000-7f9b60677000 rw-p 00000000 00:00 0 
7f9b60677000-7f9b64000000 ---p 00000000 00:00 0 
7f9b64000000-7f9b64368000 rw-p 00000000 00:00 0 
7f9b64368000-7f9b68000000 ---p 00000000 00:00 0 
7f9b68000000-7f9b68041000 rw-p 00000000 00:00 0 
7f9b68041000-7f9b6c000000 ---p 00000000 00:00 0 
7f9b6c000000-7f9b6c31a000 rw-p 00000000 00:00 0 
7f9b6c31a000-7f9b70000000 ---p 00000000 00:00 0 
7f9b70000000-7f9b7035f000 rw-p 00000000 00:00 0 
7f9b7035f000-7f9b74000000 ---p 00000000 00:00 0 
7f9b74000000-7f9b74021000 rw-p 00000000 00:00 0 
7f9b74021000-7f9b78000000 ---p 00000000 00:00 0 
7f9b78000000-7f9b78021000 rw-p 00000000 00:00 0 
7f9b78021000-7f9b7c000000 ---p 00000000 00:00 0 
7f9b7c0bf000-7f9b7c0c3000 ---p 00000000 00:00 0 
7f9b7c0c3000-7f9b7c3c0000 rw-p 00000000 00:00 0 
7f9b7c3c0000-7f9b7c5c0000 rw-p 00000000 00:00 0 
7f9b7c5c0000-7f9b7c5c4000 ---p 00000000 00:00 0 
7f9b7c5c4000-7f9b7c8c1000 rw-p 00000000 00:00 0 
7f9b7c8c1000-7f9b7c8c5000 ---p 00000000 00:00 0 
7f9b7c8c5000-7f9b7c9c2000 rw-p 00000000 00:00 0 
7f9b7c9c2000-7f9b7c9c6000 ---p 00000000 00:00 0 
7f9b7c9c6000-7f9b7ccc3000 rw-p 00000000 00:00 0 
7f9b7ccc3000-7f9b7ccc7000 ---p 00000000 00:00 0 
7f9b7ccc7000-7f9b7cfc4000 rw-p 00000000 00:00 0 
7f9b7cfc4000-7f9b7cfc8000 ---p 00000000 00:00 0 
7f9b7cfc8000-7f9b7d0c5000 rw-p 00000000 00:00 0 
7f9b7d0c5000-7f9b7d0c9000 ---p 00000000 00:00 0 
7f9b7d0c9000-7f9b7d1c6000 rw-p 00000000 00:00 0 
7f9b7d1c6000-7f9b7d1ca000 ---p 00000000 00:00 0 
7f9b7d1ca000-7f9b7d4c7000 rw-p 00000000 00:00 0 
7f9b7d4c7000-7f9b7d4cb000 ---p 00000000 00:00 0 
7f9b7d4cb000-7f9b7d5c8000 rw-p 00000000 00:00 0 
7f9b7d5c8000-7f9b7d5cc000 ---p 00000000 00:00 0 
7f9b7d5cc000-7f9b7d6c9000 rw-p 00000000 00:00 0 
7f9b7d6c9000-7f9b7d6ca000 ---p 00000000 00:00 0 
7f9b7d6ca000-7f9b7d7cb000 rw-p 00000000 00:00 0 
7f9b7d7cb000-7f9b7d7cf000 ---p 00000000 00:00 0 
7f9b7d7cf000-7f9b7d8cc000 rw-p 00000000 00:00 0 
7f9b7d8cc000-7f9b7d8d0000 ---p 00000000 00:00 0 
7f9b7d8d0000-7f9b7d9cd000 rw-p 00000000 00:00 0 
7f9b7d9cd000-7f9b7d9d1000 ---p 00000000 00:00 0 
7f9b7d9d1000-7f9b7dcce000 rw-p 00000000 00:00 0 
7f9b7dcce000-7f9b7dcd2000 ---p 00000000 00:00 0 
7f9b7dcd2000-7f9b7ddcf000 rw-p 00000000 00:00 0 
7f9b7ddcf000-7f9b7ddd3000 ---p 00000000 00:00 0 
7f9b7ddd3000-7f9b7ded0000 rw-p 00000000 00:00 0 
7f9b7ded0000-7f9b7dee7000 r-xp 00000000 fd:00 6165209                    /lib/x86_64-linux-gnu/libresolv-2.27.so
7f9b7dee7000-7f9b7e0e7000 ---p 00017000 fd:00 6165209                    /lib/x86_64-linux-gnu/libresolv-2.27.so
7f9b7e0e7000-7f9b7e0e8000 r--p 00017000 fd:00 6165209                    /lib/x86_64-linux-gnu/libresolv-2.27.so
7f9b7e0e8000-7f9b7e0e9000 rw-p 00018000 fd:00 6165209                    /lib/x86_64-linux-gnu/libresolv-2.27.so
7f9b7e0e9000-7f9b7e0eb000 rw-p 00000000 00:00 0 
7f9b7e0eb000-7f9b7e0f0000 r-xp 00000000 fd:00 6165158                    /lib/x86_64-linux-gnu/libnss_dns-2.27.so
7f9b7e0f0000-7f9b7e2f0000 ---p 00005000 fd:00 6165158                    /lib/x86_64-linux-gnu/libnss_dns-2.27.so
7f9b7e2f0000-7f9b7e2f1000 r--p 00005000 fd:00 6165158                    /lib/x86_64-linux-gnu/libnss_dns-2.27.so
7f9b7e2f1000-7f9b7e2f2000 rw-p 00006000 fd:00 6165158                    /lib/x86_64-linux-gnu/libnss_dns-2.27.so
7f9b7e2f2000-7f9b7e2f4000 r-xp 00000000 fd:00 6165166                    /lib/x86_64-linux-gnu/libnss_mdns4_minimal.so.2
7f9b7e2f4000-7f9b7e4f3000 ---p 00002000 fd:00 6165166                    /lib/x86_64-linux-gnu/libnss_mdns4_minimal.so.2
7f9b7e4f3000-7f9b7e4f4000 r--p 00001000 fd:00 6165166                    /lib/x86_64-linux-gnu/libnss_mdns4_minimal.so.2
7f9b7e4f4000-7f9b7e4f5000 rw-p 00002000 fd:00 6165166                    /lib/x86_64-linux-gnu/libnss_mdns4_minimal.so.2
7f9b7e4f5000-7f9b7e6f5000 rw-p 00000000 00:00 0 
7f9b7e6f5000-7f9b7e6fa000 r-xp 00000000 fd:00 8653868                    /usr/lib/jvm/java-11-openjdk-amd64/lib/libmanagement_ext.so
7f9b7e6fa000-7f9b7e8f9000 ---p 00005000 fd:00 8653868                    /usr/lib/jvm/java-11-openjdk-amd64/lib/libmanagement_ext.so
7f9b7e8f9000-7f9b7e8fa000 r--p 00004000 fd:00 8653868                    /usr/lib/jvm/java-11-openjdk-amd64/lib/libmanagement_ext.so
7f9b7e8fa000-7f9b7e8fb000 rw-p 00005000 fd:00 8653868                    /usr/lib/jvm/java-11-openjdk-amd64/lib/libmanagement_ext.so
7f9b7e8fb000-7f9b7e8ff000 r-xp 00000000 fd:00 8653866                    /usr/lib/jvm/java-11-openjdk-amd64/lib/libmanagement.so
7f9b7e8ff000-7f9b7eafe000 ---p 00004000 fd:00 8653866                    /usr/lib/jvm/java-11-openjdk-amd64/lib/libmanagement.so
7f9b7eafe000-7f9b7eaff000 r--p 00003000 fd:00 8653866                    /usr/lib/jvm/java-11-openjdk-amd64/lib/libmanagement.so
7f9b7eaff000-7f9b7eb00000 rw-p 00004000 fd:00 8653866                    /usr/lib/jvm/java-11-openjdk-amd64/lib/libmanagement.so
7f9b7eb00000-7f9b7eb01000 r-xp 00000000 fd:00 8653843                    /usr/lib/jvm/java-11-openjdk-amd64/lib/libextnet.so
7f9b7eb01000-7f9b7ed00000 ---p 00001000 fd:00 8653843                    /usr/lib/jvm/java-11-openjdk-amd64/lib/libextnet.so
7f9b7ed00000-7f9b7ed01000 r--p 00000000 fd:00 8653843                    /usr/lib/jvm/java-11-openjdk-amd64/lib/libextnet.so
7f9b7ed01000-7f9b7ed02000 rw-p 00001000 fd:00 8653843                    /usr/lib/jvm/java-11-openjdk-amd64/lib/libextnet.so
7f9b7ed02000-7f9b7ed06000 ---p 00000000 00:00 0 
7f9b7ed06000-7f9b7ee03000 rw-p 00000000 00:00 0 
7f9b7ee03000-7f9b7ee07000 ---p 00000000 00:00 0 
7f9b7ee07000-7f9b7ef04000 rw-p 00000000 00:00 0 
7f9b7ef04000-7f9b7ef1a000 r-xp 00000000 fd:00 8653872                    /usr/lib/jvm/java-11-openjdk-amd64/lib/libnet.so
7f9b7ef1a000-7f9b7f11a000 ---p 00016000 fd:00 8653872                    /usr/lib/jvm/java-11-openjdk-amd64/lib/libnet.so
7f9b7f11a000-7f9b7f11b000 r--p 00016000 fd:00 8653872                    /usr/lib/jvm/java-11-openjdk-amd64/lib/libnet.so
7f9b7f11b000-7f9b7f11c000 rw-p 00017000 fd:00 8653872                    /usr/lib/jvm/java-11-openjdk-amd64/lib/libnet.so
7f9b7f11c000-7f9b7f12d000 r-xp 00000000 fd:00 8653873                    /usr/lib/jvm/java-11-openjdk-amd64/lib/libnio.so
7f9b7f12d000-7f9b7f32c000 ---p 00011000 fd:00 8653873                    /usr/lib/jvm/java-11-openjdk-amd64/lib/libnio.so
7f9b7f32c000-7f9b7f32d000 r--p 00010000 fd:00 8653873                    /usr/lib/jvm/java-11-openjdk-amd64/lib/libnio.so
7f9b7f32d000-7f9b7f32e000 rw-p 00011000 fd:00 8653873                    /usr/lib/jvm/java-11-openjdk-amd64/lib/libnio.so
7f9b7f32e000-7f9b7f332000 ---p 00000000 00:00 0 
7f9b7f332000-7f9b7f42f000 rw-p 00000000 00:00 0 
7f9b7f42f000-7f9b7f433000 ---p 00000000 00:00 0 
7f9b7f433000-7f9b7f530000 rw-p 00000000 00:00 0 
7f9b7f530000-7f9b7f534000 ---p 00000000 00:00 0 
7f9b7f534000-7f9b7f631000 rw-p 00000000 00:00 0 
7f9b7f631000-7f9b80000000 r--p 00000000 fd:00 8657518                    /usr/lib/locale/locale-archive
7f9b80000000-7f9b80207000 rw-p 00000000 00:00 0 
7f9b80207000-7f9b84000000 ---p 00000000 00:00 0 
7f9b84000000-7f9b84021000 rw-p 00000000 00:00 0 
7f9b84021000-7f9b88000000 ---p 00000000 00:00 0 
7f9b88000000-7f9b88021000 rw-p 00000000 00:00 0 
7f9b88021000-7f9b8c000000 ---p 00000000 00:00 0 
7f9b8c000000-7f9b8c021000 rw-p 00000000 00:00 0 
7f9b8c021000-7f9b90000000 ---p 00000000 00:00 0 
7f9b90000000-7f9b90021000 rw-p 00000000 00:00 0 
7f9b90021000-7f9b94000000 ---p 00000000 00:00 0 
7f9b94000000-7f9b94021000 rw-p 00000000 00:00 0 
7f9b94021000-7f9b98000000 ---p 00000000 00:00 0 
7f9b98000000-7f9b98021000 rw-p 00000000 00:00 0 
7f9b98021000-7f9b9c000000 ---p 00000000 00:00 0 
7f9b9c000000-7f9b9c021000 rw-p 00000000 00:00 0 
7f9b9c021000-7f9ba0000000 ---p 00000000 00:00 0 
7f9ba0000000-7f9ba0021000 rw-p 00000000 00:00 0 
7f9ba0021000-7f9ba4000000 ---p 00000000 00:00 0 
7f9ba4000000-7f9ba4040000 rw-p 00000000 00:00 0 
7f9ba4040000-7f9ba8000000 ---p 00000000 00:00 0 
7f9ba8023000-7f9ba8027000 ---p 00000000 00:00 0 
7f9ba8027000-7f9ba8124000 rw-p 00000000 00:00 0 
7f9ba8124000-7f9ba8128000 ---p 00000000 00:00 0 
7f9ba8128000-7f9ba8225000 rw-p 00000000 00:00 0 
7f9ba8225000-7f9ba8229000 ---p 00000000 00:00 0 
7f9ba8229000-7f9ba8326000 rw-p 00000000 00:00 0 
7f9ba8326000-7f9ba832a000 ---p 00000000 00:00 0 
7f9ba832a000-7f9ba8427000 rw-p 00000000 00:00 0 
7f9ba8427000-7f9ba842b000 ---p 00000000 00:00 0 
7f9ba842b000-7f9ba8528000 rw-p 00000000 00:00 0 
7f9ba8528000-7f9ba8529000 ---p 00000000 00:00 0 
7f9ba8529000-7f9ba8e2a000 rw-p 00000000 00:00 0 
7f9ba8e2a000-7f9ba8e2b000 ---p 00000000 00:00 0 
7f9ba8e2b000-7f9ba8f2c000 rw-p 00000000 00:00 0 
7f9ba8f2c000-7f9ba8f2d000 ---p 00000000 00:00 0 
7f9ba8f2d000-7f9ba902e000 rw-p 00000000 00:00 0 
7f9ba902e000-7f9ba902f000 ---p 00000000 00:00 0 
7f9ba902f000-7f9bab2c8000 rw-p 00000000 00:00 0 
7f9bab2c8000-7f9bac000000 ---p 00000000 00:00 0 
7f9bac000000-7f9bac047000 rw-p 00000000 00:00 0 
7f9bac047000-7f9bb0000000 ---p 00000000 00:00 0 
7f9bb0000000-7f9bb0040000 rw-p 00000000 00:00 0 
7f9bb0040000-7f9bb4000000 ---p 00000000 00:00 0 
7f9bb4000000-7f9bb404a000 rw-p 00000000 00:00 0 
7f9bb404a000-7f9bb8000000 ---p 00000000 00:00 0 
7f9bb803e000-7f9bb803f000 ---p 00000000 00:00 0 
7f9bb803f000-7f9bb8140000 rw-p 00000000 00:00 0 
7f9bb8140000-7f9bb8141000 ---p 00000000 00:00 0 
7f9bb8141000-7f9bb8646000 rw-p 00000000 00:00 0 
7f9bb8646000-7f9bb8647000 ---p 00000000 00:00 0 
7f9bb8647000-7f9bb8748000 rw-p 00000000 00:00 0 
7f9bb8748000-7f9bb8749000 ---p 00000000 00:00 0 
7f9bb8749000-7f9bb89e2000 rw-p 00000000 00:00 0 
7f9bb89e2000-7f9bb971a000 ---p 00000000 00:00 0 
7f9bb971a000-7f9bb974d000 rw-p 00000000 00:00 0 
7f9bb974d000-7f9bb98f4000 ---p 00000000 00:00 0 
7f9bb98f4000-7f9bb9927000 rw-p 00000000 00:00 0 
7f9bb9927000-7f9bb9ace000 ---p 00000000 00:00 0 
7f9bb9ace000-7f9bb9b01000 rw-p 00000000 00:00 0 
7f9bb9b01000-7f9bb9ca8000 ---p 00000000 00:00 0 
7f9bb9ca8000-7f9bba0ac000 rw-p 00000000 00:00 0 
7f9bba0ac000-7f9bba0ad000 ---p 00000000 00:00 0 
7f9bba0ad000-7f9bba1ae000 rw-p 00000000 00:00 0 
7f9bba1ae000-7f9bba1af000 ---p 00000000 00:00 0 
7f9bba1af000-7f9bba2b0000 rw-p 00000000 00:00 0 
7f9bba2b0000-7f9bba2b1000 ---p 00000000 00:00 0 
7f9bba2b1000-7f9bba3b2000 rw-p 00000000 00:00 0 
7f9bba3b2000-7f9bba3b3000 ---p 00000000 00:00 0 
7f9bba3b3000-7f9bba4d0000 rw-p 00000000 00:00 0 
7f9bba4d0000-7f9bba687000 ---p 00000000 00:00 0 
7f9bba687000-7f9bba9d7000 rwxp 00000000 00:00 0 
7f9bba9d7000-7f9bbad2e000 ---p 00000000 00:00 0 
7f9bbad2e000-7f9bbbb0e000 rwxp 00000000 00:00 0 
7f9bbbb0e000-7f9bc9687000 ---p 00000000 00:00 0 
7f9bc9687000-7f9bd2b60000 r--s 00000000 fd:00 8658003                    /usr/lib/jvm/java-11-openjdk-amd64/lib/modules
7f9bd2b60000-7f9bd2b65000 r-xp 00000000 fd:00 8653862                    /usr/lib/jvm/java-11-openjdk-amd64/lib/libjimage.so
7f9bd2b65000-7f9bd2d64000 ---p 00005000 fd:00 8653862                    /usr/lib/jvm/java-11-openjdk-amd64/lib/libjimage.so
7f9bd2d64000-7f9bd2d65000 r--p 00004000 fd:00 8653862                    /usr/lib/jvm/java-11-openjdk-amd64/lib/libjimage.so
7f9bd2d65000-7f9bd2d66000 rw-p 00005000 fd:00 8653862                    /usr/lib/jvm/java-11-openjdk-amd64/lib/libjimage.so
7f9bd2d66000-7f9bd2d6d000 r-xp 00000000 fd:00 8657984                    /usr/lib/jvm/java-11-openjdk-amd64/lib/libzip.so
7f9bd2d6d000-7f9bd2f6c000 ---p 00007000 fd:00 8657984                    /usr/lib/jvm/java-11-openjdk-amd64/lib/libzip.so
7f9bd2f6c000-7f9bd2f6d000 r--p 00006000 fd:00 8657984                    /usr/lib/jvm/java-11-openjdk-amd64/lib/libzip.so
7f9bd2f6d000-7f9bd2f6e000 rw-p 00007000 fd:00 8657984                    /usr/lib/jvm/java-11-openjdk-amd64/lib/libzip.so
7f9bd2f6e000-7f9bd2f79000 r-xp 00000000 fd:00 6165160                    /lib/x86_64-linux-gnu/libnss_files-2.27.so
7f9bd2f79000-7f9bd3178000 ---p 0000b000 fd:00 6165160                    /lib/x86_64-linux-gnu/libnss_files-2.27.so
7f9bd3178000-7f9bd3179000 r--p 0000a000 fd:00 6165160                    /lib/x86_64-linux-gnu/libnss_files-2.27.so
7f9bd3179000-7f9bd317a000 rw-p 0000b000 fd:00 6165160                    /lib/x86_64-linux-gnu/libnss_files-2.27.so
7f9bd317a000-7f9bd3180000 rw-p 00000000 00:00 0 
7f9bd3180000-7f9bd3197000 r-xp 00000000 fd:00 6165154                    /lib/x86_64-linux-gnu/libnsl-2.27.so
7f9bd3197000-7f9bd3396000 ---p 00017000 fd:00 6165154                    /lib/x86_64-linux-gnu/libnsl-2.27.so
7f9bd3396000-7f9bd3397000 r--p 00016000 fd:00 6165154                    /lib/x86_64-linux-gnu/libnsl-2.27.so
7f9bd3397000-7f9bd3398000 rw-p 00017000 fd:00 6165154                    /lib/x86_64-linux-gnu/libnsl-2.27.so
7f9bd3398000-7f9bd339a000 rw-p 00000000 00:00 0 
7f9bd339a000-7f9bd33a5000 r-xp 00000000 fd:00 6165171                    /lib/x86_64-linux-gnu/libnss_nis-2.27.so
7f9bd33a5000-7f9bd35a4000 ---p 0000b000 fd:00 6165171                    /lib/x86_64-linux-gnu/libnss_nis-2.27.so
7f9bd35a4000-7f9bd35a5000 r--p 0000a000 fd:00 6165171                    /lib/x86_64-linux-gnu/libnss_nis-2.27.so
7f9bd35a5000-7f9bd35a6000 rw-p 0000b000 fd:00 6165171                    /lib/x86_64-linux-gnu/libnss_nis-2.27.so
7f9bd35a6000-7f9bd35ae000 r-xp 00000000 fd:00 6165156                    /lib/x86_64-linux-gnu/libnss_compat-2.27.so
7f9bd35ae000-7f9bd37ae000 ---p 00008000 fd:00 6165156                    /lib/x86_64-linux-gnu/libnss_compat-2.27.so
7f9bd37ae000-7f9bd37af000 r--p 00008000 fd:00 6165156                    /lib/x86_64-linux-gnu/libnss_compat-2.27.so
7f9bd37af000-7f9bd37b0000 rw-p 00009000 fd:00 6165156                    /lib/x86_64-linux-gnu/libnss_compat-2.27.so
7f9bd37b0000-7f9bd37ba000 r-xp 00000000 fd:00 8653845                    /usr/lib/jvm/java-11-openjdk-amd64/lib/libinstrument.so
7f9bd37ba000-7f9bd39b9000 ---p 0000a000 fd:00 8653845                    /usr/lib/jvm/java-11-openjdk-amd64/lib/libinstrument.so
7f9bd39b9000-7f9bd39ba000 r--p 00009000 fd:00 8653845                    /usr/lib/jvm/java-11-openjdk-amd64/lib/libinstrument.so
7f9bd39ba000-7f9bd39bb000 rw-p 0000a000 fd:00 8653845                    /usr/lib/jvm/java-11-openjdk-amd64/lib/libinstrument.so
7f9bd39bb000-7f9bd39e7000 r-xp 00000000 fd:00 8653850                    /usr/lib/jvm/java-11-openjdk-amd64/lib/libjava.so
7f9bd39e7000-7f9bd3be6000 ---p 0002c000 fd:00 8653850                    /usr/lib/jvm/java-11-openjdk-amd64/lib/libjava.so
7f9bd3be6000-7f9bd3be7000 r--p 0002b000 fd:00 8653850                    /usr/lib/jvm/java-11-openjdk-amd64/lib/libjava.so
7f9bd3be7000-7f9bd3be9000 rw-p 0002c000 fd:00 8653850                    /usr/lib/jvm/java-11-openjdk-amd64/lib/libjava.so
7f9bd3be9000-7f9bd3bf6000 r-xp 00000000 fd:00 8657551                    /usr/lib/jvm/java-11-openjdk-amd64/lib/libverify.so
7f9bd3bf6000-7f9bd3df5000 ---p 0000d000 fd:00 8657551                    /usr/lib/jvm/java-11-openjdk-amd64/lib/libverify.so
7f9bd3df5000-7f9bd3df7000 r--p 0000c000 fd:00 8657551                    /usr/lib/jvm/java-11-openjdk-amd64/lib/libverify.so
7f9bd3df7000-7f9bd3df8000 rw-p 0000e000 fd:00 8657551                    /usr/lib/jvm/java-11-openjdk-amd64/lib/libverify.so
7f9bd3df8000-7f9bd3dff000 r-xp 00000000 fd:00 6165211                    /lib/x86_64-linux-gnu/librt-2.27.so
7f9bd3dff000-7f9bd3ffe000 ---p 00007000 fd:00 6165211                    /lib/x86_64-linux-gnu/librt-2.27.so
7f9bd3ffe000-7f9bd3fff000 r--p 00006000 fd:00 6165211                    /lib/x86_64-linux-gnu/librt-2.27.so
7f9bd3fff000-7f9bd4000000 rw-p 00007000 fd:00 6165211                    /lib/x86_64-linux-gnu/librt-2.27.so
7f9bd4000000-7f9bd4b77000 rw-p 00000000 00:00 0 
7f9bd4b77000-7f9bd8000000 ---p 00000000 00:00 0 
7f9bd8086000-7f9bd80fc000 rw-p 00000000 00:00 0 
7f9bd80fc000-7f9bd8113000 r-xp 00000000 fd:00 6165107                    /lib/x86_64-linux-gnu/libgcc_s.so.1
7f9bd8113000-7f9bd8312000 ---p 00017000 fd:00 6165107                    /lib/x86_64-linux-gnu/libgcc_s.so.1
7f9bd8312000-7f9bd8313000 r--p 00016000 fd:00 6165107                    /lib/x86_64-linux-gnu/libgcc_s.so.1
7f9bd8313000-7f9bd8314000 rw-p 00017000 fd:00 6165107                    /lib/x86_64-linux-gnu/libgcc_s.so.1
7f9bd8314000-7f9bd84b1000 r-xp 00000000 fd:00 6165133                    /lib/x86_64-linux-gnu/libm-2.27.so
7f9bd84b1000-7f9bd86b0000 ---p 0019d000 fd:00 6165133                    /lib/x86_64-linux-gnu/libm-2.27.so
7f9bd86b0000-7f9bd86b1000 r--p 0019c000 fd:00 6165133                    /lib/x86_64-linux-gnu/libm-2.27.so
7f9bd86b1000-7f9bd86b2000 rw-p 0019d000 fd:00 6165133                    /lib/x86_64-linux-gnu/libm-2.27.so
7f9bd86b2000-7f9bd8830000 r-xp 00000000 fd:00 8659588                    /usr/lib/x86_64-linux-gnu/libstdc++.so.6.0.25
7f9bd8830000-7f9bd8a30000 ---p 0017e000 fd:00 8659588                    /usr/lib/x86_64-linux-gnu/libstdc++.so.6.0.25
7f9bd8a30000-7f9bd8a3a000 r--p 0017e000 fd:00 8659588                    /usr/lib/x86_64-linux-gnu/libstdc++.so.6.0.25
7f9bd8a3a000-7f9bd8a3c000 rw-p 00188000 fd:00 8659588                    /usr/lib/x86_64-linux-gnu/libstdc++.so.6.0.25
7f9bd8a3c000-7f9bd8a40000 rw-p 00000000 00:00 0 
7f9bd8a40000-7f9bd99dd000 r-xp 00000000 fd:00 9046002                    /usr/lib/jvm/java-11-openjdk-amd64/lib/server/libjvm.so
7f9bd99dd000-7f9bd9bdd000 ---p 00f9d000 fd:00 9046002                    /usr/lib/jvm/java-11-openjdk-amd64/lib/server/libjvm.so
7f9bd9bdd000-7f9bd9ca1000 r--p 00f9d000 fd:00 9046002                    /usr/lib/jvm/java-11-openjdk-amd64/lib/server/libjvm.so
7f9bd9ca1000-7f9bd9cd9000 rw-p 01061000 fd:00 9046002                    /usr/lib/jvm/java-11-openjdk-amd64/lib/server/libjvm.so
7f9bd9cd9000-7f9bd9d22000 rw-p 00000000 00:00 0 
7f9bd9d22000-7f9bd9d3c000 r-xp 00000000 fd:00 6165203                    /lib/x86_64-linux-gnu/libpthread-2.27.so
7f9bd9d3c000-7f9bd9f3b000 ---p 0001a000 fd:00 6165203                    /lib/x86_64-linux-gnu/libpthread-2.27.so
7f9bd9f3b000-7f9bd9f3c000 r--p 00019000 fd:00 6165203                    /lib/x86_64-linux-gnu/libpthread-2.27.so
7f9bd9f3c000-7f9bd9f3d000 rw-p 0001a000 fd:00 6165203                    /lib/x86_64-linux-gnu/libpthread-2.27.so
7f9bd9f3d000-7f9bd9f41000 rw-p 00000000 00:00 0 
7f9bd9f41000-7f9bd9f44000 r-xp 00000000 fd:00 6165093                    /lib/x86_64-linux-gnu/libdl-2.27.so
7f9bd9f44000-7f9bda143000 ---p 00003000 fd:00 6165093                    /lib/x86_64-linux-gnu/libdl-2.27.so
7f9bda143000-7f9bda144000 r--p 00002000 fd:00 6165093                    /lib/x86_64-linux-gnu/libdl-2.27.so
7f9bda144000-7f9bda145000 rw-p 00003000 fd:00 6165093                    /lib/x86_64-linux-gnu/libdl-2.27.so
7f9bda145000-7f9bda161000 r-xp 00000000 fd:00 6165242                    /lib/x86_64-linux-gnu/libz.so.1.2.11
7f9bda161000-7f9bda360000 ---p 0001c000 fd:00 6165242                    /lib/x86_64-linux-gnu/libz.so.1.2.11
7f9bda360000-7f9bda361000 r--p 0001b000 fd:00 6165242                    /lib/x86_64-linux-gnu/libz.so.1.2.11
7f9bda361000-7f9bda362000 rw-p 0001c000 fd:00 6165242                    /lib/x86_64-linux-gnu/libz.so.1.2.11
7f9bda362000-7f9bda549000 r-xp 00000000 fd:00 6165070                    /lib/x86_64-linux-gnu/libc-2.27.so
7f9bda549000-7f9bda749000 ---p 001e7000 fd:00 6165070                    /lib/x86_64-linux-gnu/libc-2.27.so
7f9bda749000-7f9bda74d000 r--p 001e7000 fd:00 6165070                    /lib/x86_64-linux-gnu/libc-2.27.so
7f9bda74d000-7f9bda74f000 rw-p 001eb000 fd:00 6165070                    /lib/x86_64-linux-gnu/libc-2.27.so
7f9bda74f000-7f9bda753000 rw-p 00000000 00:00 0 
7f9bda753000-7f9bda762000 r-xp 00000000 fd:00 8788488                    /usr/lib/jvm/java-11-openjdk-amd64/lib/jli/libjli.so
7f9bda762000-7f9bda961000 ---p 0000f000 fd:00 8788488                    /usr/lib/jvm/java-11-openjdk-amd64/lib/jli/libjli.so
7f9bda961000-7f9bda962000 r--p 0000e000 fd:00 8788488                    /usr/lib/jvm/java-11-openjdk-amd64/lib/jli/libjli.so
7f9bda962000-7f9bda963000 rw-p 0000f000 fd:00 8788488                    /usr/lib/jvm/java-11-openjdk-amd64/lib/jli/libjli.so
7f9bda963000-7f9bda98a000 r-xp 00000000 fd:00 6165042                    /lib/x86_64-linux-gnu/ld-2.27.so
7f9bda9c9000-7f9bdaa67000 rw-p 00000000 00:00 0 
7f9bdaa67000-7f9bdaa6e000 ---p 00000000 00:00 0 
7f9bdaa6e000-7f9bdaa72000 ---p 00000000 00:00 0 
7f9bdaa72000-7f9bdab71000 rw-p 00000000 00:00 0 
7f9bdab7d000-7f9bdab7e000 rw-p 00000000 00:00 0 
7f9bdab7e000-7f9bdab86000 rw-s 00000000 fd:00 10629228                   /tmp/hsperfdata_muhammad/7491
7f9bdab86000-7f9bdab87000 ---p 00000000 00:00 0 
7f9bdab87000-7f9bdab88000 r--p 00000000 00:00 0 
7f9bdab88000-7f9bdab8a000 rw-p 00000000 00:00 0 
7f9bdab8a000-7f9bdab8b000 r--p 00027000 fd:00 6165042                    /lib/x86_64-linux-gnu/ld-2.27.so
7f9bdab8b000-7f9bdab8c000 rw-p 00028000 fd:00 6165042                    /lib/x86_64-linux-gnu/ld-2.27.so
7f9bdab8c000-7f9bdab8d000 rw-p 00000000 00:00 0 
7fffb01ff000-7fffb0223000 rw-p 00000000 00:00 0                          [stack]
7fffb02ea000-7fffb02ed000 r--p 00000000 00:00 0                          [vvar]
7fffb02ed000-7fffb02ef000 r-xp 00000000 00:00 0                          [vdso]
ffffffffff600000-ffffffffff601000 r-xp 00000000 00:00 0                  [vsyscall]


VM Arguments:
jvm_args: -XX:TieredStopAtLevel=1 -Xverify:none -Dspring.output.ansi.enabled=always -Dcom.sun.management.jmxremote -Dcom.sun.management.jmxremote.port=43297 -Dcom.sun.management.jmxremote.authenticate=false -Dcom.sun.management.jmxremote.ssl=false -Djava.rmi.server.hostname=localhost -Dspring.liveBeansView.mbeanDomain -Dspring.application.admin.enabled=true -javaagent:/home/muhammad/Documents/idea-IU-181.5281.24/lib/idea_rt.jar=45763:/home/muhammad/Documents/idea-IU-181.5281.24/bin -Dfile.encoding=UTF-8 
java_command: com.longbridge.sams.SamsApplication
java_class_path (initial): /home/muhammad/IdeaProjects/Sams/sams/target/classes:/home/muhammad/.m2/org/springframework/boot/spring-boot-starter-actuator/2.0.4.RELEASE/spring-boot-starter-actuator-2.0.4.RELEASE.jar:/home/muhammad/.m2/org/springframework/boot/spring-boot-starter/2.0.4.RELEASE/spring-boot-starter-2.0.4.RELEASE.jar:/home/muhammad/.m2/org/springframework/boot/spring-boot-starter-logging/2.0.4.RELEASE/spring-boot-starter-logging-2.0.4.RELEASE.jar:/home/muhammad/.m2/ch/qos/logback/logback-classic/1.2.3/logback-classic-1.2.3.jar:/home/muhammad/.m2/ch/qos/logback/logback-core/1.2.3/logback-core-1.2.3.jar:/home/muhammad/.m2/org/apache/logging/log4j/log4j-to-slf4j/2.10.0/log4j-to-slf4j-2.10.0.jar:/home/muhammad/.m2/org/apache/logging/log4j/log4j-api/2.10.0/log4j-api-2.10.0.jar:/home/muhammad/.m2/org/slf4j/jul-to-slf4j/1.7.25/jul-to-slf4j-1.7.25.jar:/home/muhammad/.m2/javax/annotation/javax.annotation-api/1.3.2/javax.annotation-api-1.3.2.jar:/home/muhammad/.m2/org/yaml/snakeyaml/1.19/snakeyaml-1.19.jar:/home/muhammad/.m2/org/springframework/boot/spring-boot-actuator-autoconfigure/2.0.4.RELEASE/spring-boot-actuator-autoconfigure-2.0.4.RELEASE.jar:/home/muhammad/.m2/org/springframework/boot/spring-boot-actuator/2.0.4.RELEASE/spring-boot-actuator-2.0.4.RELEASE.jar:/home/muhammad/.m2/com/fasterxml/jackson/datatype/jackson-datatype-jsr310/2.9.6/jackson-datatype-jsr310-2.9.6.jar:/home/muhammad/.m2/io/micrometer/micrometer-core/1.0.6/micrometer-core-1.0.6.jar:/home/muhammad/.m2/org/hdrhistogram/HdrHistogram/2.1.10/HdrHistogram-2.1.10.jar:/home/muhammad/.m2/org/latencyutils/LatencyUtils/2.0.3/LatencyUtils-2.0.3.jar:/home/muhammad/.m2/org/springframework/boot/spring-boot-starter-data-jpa/2.0.4.RELEASE/spring-boot-starter-data-jpa-2.0.4.RELEASE.jar:/home/muhammad/.m2/org/springframework/boot/spring-boot-starter-aop/2.0.4.RELEASE/spring-boot-starter-aop-2.0.4.RELEASE.jar:/home/muhammad/.m2/org/aspectj/aspectjweaver/1.8.13/aspectjweaver-1.8.13.jar:/home/muhammad/.m2/org/
Launcher Type: SUN_STANDARD

Logging:
Log output configuration:
#0: stdout all=warning uptime,level,tags
#1: stderr all=off uptime,level,tags

Environment Variables:
PATH=/usr/local/sbin:/usr/local/bin:/usr/sbin:/usr/bin:/sbin:/bin:/usr/games:/usr/local/games:/snap/bin
USERNAME=muhammad
SHELL=/bin/bash
DISPLAY=:0

Signal Handlers:
SIGSEGV: [libjvm.so+0xd28a90], sa_mask[0]=11111111011111111101111111111110, sa_flags=SA_RESTART|SA_SIGINFO
SIGBUS: [libjvm.so+0xd28a90], sa_mask[0]=11111111011111111101111111111110, sa_flags=SA_RESTART|SA_SIGINFO
SIGFPE: [libjvm.so+0xd28a90], sa_mask[0]=11111111011111111101111111111110, sa_flags=SA_RESTART|SA_SIGINFO
SIGPIPE: [libjvm.so+0xb2a110], sa_mask[0]=11111111011111111101111111111110, sa_flags=SA_RESTART|SA_SIGINFO
SIGXFSZ: [libjvm.so+0xb2a110], sa_mask[0]=11111111011111111101111111111110, sa_flags=SA_RESTART|SA_SIGINFO
SIGILL: [libjvm.so+0xd28a90], sa_mask[0]=11111111011111111101111111111110, sa_flags=SA_RESTART|SA_SIGINFO
SIGUSR2: [libjvm.so+0xb29f50], sa_mask[0]=00100000000000000000000000000000, sa_flags=SA_RESTART|SA_SIGINFO
SIGHUP: [libjvm.so+0xb2a0a0], sa_mask[0]=11111111011111111101111111111110, sa_flags=SA_RESTART|SA_SIGINFO
SIGINT: [libjvm.so+0xb2a0a0], sa_mask[0]=11111111011111111101111111111110, sa_flags=SA_RESTART|SA_SIGINFO
SIGTERM: [libjvm.so+0xb2a0a0], sa_mask[0]=11111111011111111101111111111110, sa_flags=SA_RESTART|SA_SIGINFO
SIGQUIT: [libjvm.so+0xb2a0a0], sa_mask[0]=11111111011111111101111111111110, sa_flags=SA_RESTART|SA_SIGINFO


---------------  S Y S T E M  ---------------

OS:DISTRIB_ID=Ubuntu
DISTRIB_RELEASE=18.04
DISTRIB_CODENAME=bionic
DISTRIB_DESCRIPTION="Ubuntu 18.04.1 LTS"
uname:Linux 4.15.0-32-generic #35-Ubuntu SMP Fri Aug 10 17:58:07 UTC 2018 x86_64
libc:glibc 2.27 NPTL 2.27 
rlimit: STACK 8192k, CORE 0k, NPROC 14920, NOFILE 1048576, AS infinity, DATA infinity, FSIZE infinity
load average:5.97 5.22 3.07

/proc/meminfo:
MemTotal:        3882264 kB
MemFree:          119396 kB
MemAvailable:      79020 kB
Buffers:            5264 kB
Cached:           156584 kB
SwapCached:        16544 kB
Active:          2747236 kB
Inactive:         600676 kB
Active(anon):    2687852 kB
Inactive(anon):   537364 kB
Active(file):      59384 kB
Inactive(file):    63312 kB
Unevictable:          32 kB
Mlocked:              32 kB
SwapTotal:        999420 kB
SwapFree:            216 kB
Dirty:               560 kB
Writeback:          1752 kB
AnonPages:       3170200 kB
Mapped:           144176 kB
Shmem:             52668 kB
Slab:              93588 kB
SReclaimable:      35636 kB
SUnreclaim:        57952 kB
KernelStack:       15888 kB
PageTables:        60392 kB
NFS_Unstable:          0 kB
Bounce:                0 kB
WritebackTmp:          0 kB
CommitLimit:     2940552 kB
Committed_AS:   11193480 kB
VmallocTotal:   34359738367 kB
VmallocUsed:           0 kB
VmallocChunk:          0 kB
HardwareCorrupted:     0 kB
AnonHugePages:         0 kB
ShmemHugePages:        0 kB
ShmemPmdMapped:        0 kB
CmaTotal:              0 kB
CmaFree:               0 kB
HugePages_Total:       0
HugePages_Free:        0
HugePages_Rsvd:        0
HugePages_Surp:        0
Hugepagesize:       2048 kB
DirectMap4k:      943008 kB
DirectMap2M:     3092480 kB

container (cgroup) information:
container_type: cgroupv1
cpu_cpuset_cpus: 0-3
cpu_memory_nodes: 0
active_processor_count: 4
cpu_quota: -1
cpu_period: 100000
cpu_shares: -1
memory_limit_in_bytes: -1
memory_and_swap_limit_in_bytes: -2
memory_soft_limit_in_bytes: -1
memory_usage_in_bytes: 3424186368
memory_max_usage_in_bytes: 5788053504


CPU:total 4 (initial active 4) (2 cores per cpu, 2 threads per core) family 6 model 37 stepping 5, cmov, cx8, fxsr, mmx, sse, sse2, sse3, ssse3, sse4.1, sse4.2, popcnt, aes, clmul, ht, tsc, tscinvbit
CPU Model and flags from /proc/cpuinfo:
model name	: Intel(R) Core(TM) i5 CPU       M 520  @ 2.40GHz
flags		: fpu vme de pse tsc msr pae mce cx8 apic sep mtrr pge mca cmov pat pse36 clflush dts acpi mmx fxsr sse sse2 ss ht tm pbe syscall nx rdtscp lm constant_tsc arch_perfmon pebs bts rep_good nopl xtopology nonstop_tsc cpuid aperfmperf pni pclmulqdq dtes64 monitor ds_cpl vmx smx est tm2 ssse3 cx16 xtpr pdcm pcid sse4_1 sse4_2 popcnt aes lahf_lm pti tpr_shadow vnmi flexpriority ept vpid dtherm ida arat

Memory: 4k page, physical 3882264k(119396k free), swap 999420k(216k free)

vm_info: OpenJDK 64-Bit Server VM (10.0.1+10-Ubuntu-3ubuntu1) for linux-amd64 JRE (10.0.1+10-Ubuntu-3ubuntu1), built on Apr 21 2018 13:41:27 by "buildd" with gcc 7.3.0

END.
